0 info it worked if it ends with ok
1 verbose cli [ '/usr/local/bin/node', '/usr/local/bin/npm', 'run', 'proxy' ]
2 info using npm@1.4.23
3 info using node@v0.10.31
4 verbose run-script [ 'preproxy', 'proxy', 'postproxy' ]
5 info preproxy irc@1.0.0
6 info proxy irc@1.0.0
7 verbose unsafe-perm in lifecycle true
8 info irc@1.0.0 Failed to exec proxy script
9 error irc@1.0.0 proxy: `/node_modules/nodemon/bin/nodemon.js server.js --proxy`
9 error Exit status 127
10 error Failed at the irc@1.0.0 proxy script.
10 error This is most likely a problem with the irc package,
10 error not with npm itself.
10 error Tell the author that this fails on your system:
10 error     /node_modules/nodemon/bin/nodemon.js server.js --proxy
10 error You can get their info via:
10 error     npm owner ls irc
10 error There is likely additional logging output above.
11 error System Darwin 14.1.0
12 error command "/usr/local/bin/node" "/usr/local/bin/npm" "run" "proxy"
13 error cwd /Users/christianalfoni/Documents/dev/DMVC-boilerplate
14 error node -v v0.10.31
15 error npm -v 1.4.23
16 error code ELIFECYCLE
17 verbose exit [ 1, true ]
